2025-05-10 23:43:53,540 - __main__ - INFO - Iniciando scraping da página principal...
2025-05-10 23:43:59,589 - __main__ - INFO - Tentativa 1 para https://www.copart.com.br
2025-05-10 23:44:25,962 - __main__ - INFO - Página principal salva com sucesso em copart_clone/static\index.html
2025-05-10 23:44:27,734 - __main__ - INFO - Scraping concluído com sucesso!
2025-05-11 10:50:33,945 - __main__ - INFO - Iniciando scraping da página principal...
2025-05-11 10:53:40,318 - __main__ - INFO - Iniciando scraping da página principal...
2025-05-11 10:53:59,153 - __main__ - INFO - Tentativa 1 para https://www.copart.com.br
2025-05-11 10:54:33,404 - __main__ - INFO - Página principal salva com sucesso em copart_clone/static\index.html
2025-05-11 10:54:35,195 - __main__ - INFO - Scraping concluído com sucesso!
2025-05-11 10:56:01,271 - __main__ - INFO - Iniciando scraping da página principal...
2025-05-11 10:56:01,273 - __main__ - ERROR - Falha ao raspar a página principal após várias tentativas
2025-05-11 11:04:15,794 - __main__ - INFO - 1. Iniciando scraping da página principal...
2025-05-11 11:04:20,647 - __main__ - INFO - Tentativa 1 para https://www.copart.com.br
2025-05-11 11:04:54,417 - __main__ - INFO - Página principal salva com sucesso em copart_clone/static\index.html
2025-05-11 11:04:55,487 - __main__ - INFO - 2. Scraping da página principal concluído!
2025-05-11 11:05:07,466 - __main__ - INFO - Iniciando scraping completo do site...
2025-05-11 11:05:10,609 - __main__ - INFO - Raspando: https://www.copart.com.br (profundidade 0)
2025-05-11 11:05:23,640 - __main__ - ERROR - Erro ao raspar https://www.copart.com.br: ElementHandle.get_attribute: Execution context was destroyed, most likely because of a navigation
Call log:
  - waiting for locator(":scope")

2025-05-11 11:05:23,775 - __main__ - INFO - Scraping completo concluído com sucesso!
2025-05-11 11:11:30,255 - __main__ - INFO - 1. Iniciando scraping da página principal...
2025-05-11 11:11:34,744 - __main__ - INFO - Tentativa 1 para https://www.copart.com.br
2025-05-11 11:12:04,668 - __main__ - INFO - Página principal salva com sucesso em copart_clone/static\index.html
2025-05-11 11:12:05,844 - __main__ - INFO - 2. Scraping da página principal concluído!
2025-05-11 11:12:31,266 - __main__ - INFO - 1. Iniciando scraping da página principal...
2025-05-11 11:12:34,223 - __main__ - INFO - Tentativa 1 para https://www.copart.com.br
2025-05-11 11:12:55,888 - __main__ - INFO - Página principal salva com sucesso em copart_clone/static\index.html
2025-05-11 11:12:57,004 - __main__ - INFO - 2. Scraping da página principal concluído!
2025-05-11 11:12:59,597 - __main__ - INFO - Iniciando scraping completo do site...
2025-05-11 11:13:02,567 - __main__ - INFO - Raspando: https://www.copart.com.br (profundidade 0)
2025-05-11 11:13:27,034 - __main__ - INFO - Página salva: copart_clone/static\index.html
2025-05-11 11:13:27,051 - __main__ - INFO - Raspando: https://www.copart.com.br/content/br/pt-br/member-news/index?intcmp=web_footer_membernewsindex_pt (profundidade 1)
2025-05-11 11:13:42,362 - __main__ - INFO - Página salva: copart_clone/static\content\br\pt-br\member-news\index.html
2025-05-11 11:13:42,418 - __main__ - INFO - Raspando: https://www.copart.com.br/saleListResult/auctionId/9177?location=Osasco%20-%20SP&saleDate=1748554200000&liveAuction=false&from=&yardNum=1&auctioneer=Eduardo%20da%20Silva%20Pinto%20-%20Jucesp%20980 (profundidade 2)
2025-05-11 11:14:01,584 - __main__ - INFO - Página salva: copart_clone/static\saleListResult\auctionId\9177.html
2025-05-11 11:14:01,585 - __main__ - INFO - Raspando: https://www.copart.com.br/content/br/pt-br/privacy-policy?intcmp=web_footer_privacypolicy_pt (profundidade 2)
2025-05-11 11:14:15,823 - __main__ - INFO - Página salva: copart_clone/static\content\br\pt-br\privacy-policy.html
2025-05-11 11:14:15,824 - __main__ - INFO - Raspando: https://www.copart.com.br/content/br/en/pdf/holidays_2024.png (profundidade 2)
2025-05-11 11:14:16,295 - __main__ - INFO - Página salva: copart_clone/static\content\br\en\pdf\holidays_2024.png.html
2025-05-11 11:14:16,296 - __main__ - INFO - Raspando: https://www.copart.com.br/overview (profundidade 2)
2025-05-11 11:14:27,531 - __main__ - WARNING - Erro ao processar asset: ElementHandle.get_attribute: Execution context was destroyed, most likely because of a navigation
Call log:
  - waiting for locator(":scope")

2025-05-11 11:14:27,624 - __main__ - WARNING - Erro ao processar asset: ElementHandle.get_attribute: Execution context was destroyed, most likely because of a navigation
Call log:
  - waiting for locator(":scope")

2025-05-11 11:14:27,633 - __main__ - WARNING - Erro ao processar asset: ElementHandle.get_attribute: Execution context was destroyed, most likely because of a navigation
Call log:
  - waiting for locator(":scope")

2025-05-11 11:14:27,649 - __main__ - WARNING - Erro ao processar asset: ElementHandle.get_attribute: Execution context was destroyed, most likely because of a navigation
Call log:
  - waiting for locator(":scope")

2025-05-11 11:14:27,676 - __main__ - WARNING - Erro ao processar asset: ElementHandle.get_attribute: Execution context was destroyed, most likely because of a navigation
Call log:
  - waiting for locator(":scope")

2025-05-11 11:14:27,684 - __main__ - WARNING - Erro ao processar asset: ElementHandle.get_attribute: Execution context was destroyed, most likely because of a navigation
Call log:
  - waiting for locator(":scope")

2025-05-11 11:14:27,694 - __main__ - WARNING - Erro ao processar asset: ElementHandle.get_attribute: Execution context was destroyed, most likely because of a navigation
Call log:
  - waiting for locator(":scope")

2025-05-11 11:14:27,716 - __main__ - WARNING - Erro ao processar asset: ElementHandle.get_attribute: Execution context was destroyed, most likely because of a navigation
Call log:
  - waiting for locator(":scope")

2025-05-11 11:14:27,737 - __main__ - WARNING - Erro ao processar asset: ElementHandle.get_attribute: Execution context was destroyed, most likely because of a navigation
Call log:
  - waiting for locator(":scope")

2025-05-11 11:14:27,756 - __main__ - WARNING - Erro ao processar asset: ElementHandle.get_attribute: Execution context was destroyed, most likely because of a navigation
Call log:
  - waiting for locator(":scope")

2025-05-11 11:14:27,776 - __main__ - WARNING - Erro ao processar asset: ElementHandle.get_attribute: Execution context was destroyed, most likely because of a navigation
Call log:
  - waiting for locator(":scope")

2025-05-11 11:14:27,799 - __main__ - WARNING - Erro ao processar asset: ElementHandle.get_attribute: Execution context was destroyed, most likely because of a navigation
Call log:
  - waiting for locator(":scope")

2025-05-11 11:14:27,813 - __main__ - WARNING - Erro ao processar asset: ElementHandle.get_attribute: Execution context was destroyed, most likely because of a navigation
Call log:
  - waiting for locator(":scope")

2025-05-11 11:14:27,864 - __main__ - INFO - Página salva: copart_clone/static\overview.html
2025-05-11 11:14:27,865 - __main__ - INFO - Raspando: https://www.copart.com.br/sellForIndividuals/ (profundidade 2)
2025-05-11 11:14:36,882 - __main__ - WARNING - Erro ao processar asset: ElementHandle.get_attribute: Execution context was destroyed, most likely because of a navigation
Call log:
  - waiting for locator(":scope")

2025-05-11 11:14:36,975 - __main__ - WARNING - Erro ao processar asset: ElementHandle.get_attribute: Execution context was destroyed, most likely because of a navigation
Call log:
  - waiting for locator(":scope")

2025-05-11 11:14:37,113 - __main__ - WARNING - Erro ao processar asset: ElementHandle.get_attribute: Execution context was destroyed, most likely because of a navigation
Call log:
  - waiting for locator(":scope")

2025-05-11 11:14:37,125 - __main__ - WARNING - Erro ao processar asset: ElementHandle.get_attribute: Execution context was destroyed, most likely because of a navigation
Call log:
  - waiting for locator(":scope")

2025-05-11 11:14:37,133 - __main__ - WARNING - Erro ao processar asset: ElementHandle.get_attribute: Execution context was destroyed, most likely because of a navigation
Call log:
  - waiting for locator(":scope")

2025-05-11 11:14:37,145 - __main__ - WARNING - Erro ao processar asset: ElementHandle.get_attribute: Execution context was destroyed, most likely because of a navigation
Call log:
  - waiting for locator(":scope")

2025-05-11 11:14:37,155 - __main__ - WARNING - Erro ao processar asset: ElementHandle.get_attribute: Execution context was destroyed, most likely because of a navigation
Call log:
  - waiting for locator(":scope")

2025-05-11 11:14:37,163 - __main__ - WARNING - Erro ao processar asset: ElementHandle.get_attribute: Execution context was destroyed, most likely because of a navigation
Call log:
  - waiting for locator(":scope")

2025-05-11 11:14:37,175 - __main__ - WARNING - Erro ao processar asset: ElementHandle.get_attribute: Execution context was destroyed, most likely because of a navigation
Call log:
  - waiting for locator(":scope")

2025-05-11 11:14:37,182 - __main__ - WARNING - Erro ao processar asset: ElementHandle.get_attribute: Execution context was destroyed, most likely because of a navigation
Call log:
  - waiting for locator(":scope")

2025-05-11 11:14:37,193 - __main__ - WARNING - Erro ao processar asset: ElementHandle.get_attribute: Execution context was destroyed, most likely because of a navigation
Call log:
  - waiting for locator(":scope")

2025-05-11 11:14:37,328 - __main__ - INFO - Página salva: copart_clone/static\sellForIndividuals.html
2025-05-11 11:14:37,329 - __main__ - INFO - Raspando: https://www.copart.com.br/saleListResult/auctionId/9168?location=Curitiba%20-%20PR&saleDate=1748352600000&liveAuction=false&from=&yardNum=53&auctioneer=Luiz%20Rafael%20L%20de%20Lima%20-%20Jucepar%2020/315-L (profundidade 2)
2025-05-11 11:14:50,460 - __main__ - INFO - Página salva: copart_clone/static\saleListResult\auctionId\9168.html
2025-05-11 11:14:50,461 - __main__ - INFO - Raspando: https://www.copart.com.br/public/watchList (profundidade 2)
2025-05-11 11:15:02,315 - __main__ - INFO - Página salva: copart_clone/static\public\watchList.html
2025-05-11 11:15:02,317 - __main__ - INFO - Raspando: https://www.copart.com.br/saleListResult/auctionId/9132?location=Leil%C3%A3o%20P%C3%A1tio%20Porto%20Seguro%20-%20SP&saleDate=1747141200000&liveAuction=false&from=&yardNum=3&auctioneer=Andr%C3%A9%20Cencin%20-%20Jucesp%201143 (profundidade 2)
2025-05-11 11:15:16,095 - __main__ - INFO - Página salva: copart_clone/static\saleListResult\auctionId\9132.html
2025-05-11 11:15:16,097 - __main__ - INFO - Raspando: https://www.copart.com.br/salesListResult (profundidade 2)
2025-05-11 11:15:27,386 - __main__ - INFO - Página salva: copart_clone/static\salesListResult.html
2025-05-11 11:15:27,387 - __main__ - INFO - Raspando: https://www.copart.com.br/auctionCalendar?intcmp=web_footer_auctioncalendar_pt (profundidade 2)
2025-05-11 11:15:39,953 - __main__ - INFO - Página salva: copart_clone/static\auctionCalendar.html
2025-05-11 11:15:39,956 - __main__ - INFO - Raspando: https://www.copart.com.br/saleListResult/auctionId/9144?location=Osasco%20-%20SP&saleDate=1747400400000&liveAuction=false&from=&yardNum=1&auctioneer=Wendell%20F%C3%A9lix%20-%20Jucesp%20759 (profundidade 2)
2025-05-11 11:15:51,275 - __main__ - INFO - Página salva: copart_clone/static\saleListResult\auctionId\9144.html
2025-05-11 11:15:51,277 - __main__ - INFO - Raspando: https://www.copart.com.br/ (profundidade 2)
2025-05-11 11:16:04,382 - __main__ - INFO - Página salva: copart_clone/static\index.html
2025-05-11 11:16:04,383 - __main__ - INFO - Raspando: https://www.copart.com.br/how-it-works (profundidade 2)
2025-05-11 11:16:17,670 - __main__ - INFO - Página salva: copart_clone/static\how-it-works.html
2025-05-11 11:16:17,672 - __main__ - INFO - Raspando: https://www.copart.com.br/todaysAuction?intcmp=web_footer_todaysauctions_pt (profundidade 2)
2025-05-11 11:16:28,659 - __main__ - INFO - Página salva: copart_clone/static\todaysAuction.html
2025-05-11 11:16:28,661 - __main__ - INFO - Raspando: https://www.copart.com.br/driverseat/mylots (profundidade 2)
2025-05-11 11:16:39,197 - __main__ - INFO - Página salva: copart_clone/static\driverseat\mylots.html
2025-05-11 11:16:39,198 - __main__ - INFO - Raspando: https://www.copart.com.br/en/ (profundidade 2)
2025-05-11 11:16:44,271 - __main__ - WARNING - Erro ao baixar https://www.copart.com{{languageHrefPath | sanitizeUrl}}: APIRequestContext.get: Invalid URL
2025-05-11 11:16:44,375 - __main__ - WARNING - Erro ao baixar https://www.copart.ca{{languageHrefPath | sanitizeUrl}} : APIRequestContext.get: Invalid URL
2025-05-11 11:16:44,586 - __main__ - WARNING - Erro ao baixar https://www.copart.co.uk{{languageHrefPath | sanitizeUrl}}: APIRequestContext.get: Invalid URL
2025-05-11 11:16:44,632 - __main__ - WARNING - Erro ao baixar https://www.copart.ie{{languageHrefPath | sanitizeUrl}}: APIRequestContext.get: Invalid URL
2025-05-11 11:16:44,655 - __main__ - WARNING - Erro ao baixar https://www.copartmea.com{{languageHrefPath | sanitizeUrl}}: APIRequestContext.get: Invalid URL
2025-05-11 11:16:44,684 - __main__ - WARNING - Erro ao baixar https://www.copartmea.com{{languageHrefPath | sanitizeUrl}}: APIRequestContext.get: Invalid URL
2025-05-11 11:16:44,716 - __main__ - WARNING - Erro ao baixar https://www.copartmea.com{{languageHrefPath | sanitizeUrl}}: APIRequestContext.get: Invalid URL
2025-05-11 11:16:44,742 - __main__ - WARNING - Erro ao baixar https://www.copart.com{{languageHrefPath | sanitizeUrl}}: APIRequestContext.get: Invalid URL
2025-05-11 11:16:44,775 - __main__ - WARNING - Erro ao baixar https://www.copart.com.uk{{languageHrefPath | sanitizeUrl}}: APIRequestContext.get: Invalid URL
2025-05-11 11:16:57,922 - __main__ - INFO - Página salva: copart_clone/static\en.html
2025-05-11 11:16:57,927 - __main__ - INFO - Raspando: https://www.copart.com.br/login (profundidade 2)
2025-05-11 11:17:10,962 - __main__ - INFO - Página salva: copart_clone/static\login.html
2025-05-11 11:17:10,964 - __main__ - INFO - Raspando: https://www.copart.com.br/locations?region=NORTH_AMERICA (profundidade 2)
2025-05-11 11:17:16,001 - __main__ - WARNING - Erro ao baixar https://www.copart.com{{languageHrefPath | sanitizeUrl}}: APIRequestContext.get: Invalid URL
2025-05-11 11:17:16,020 - __main__ - WARNING - Erro ao baixar https://www.copart.ca{{languageHrefPath | sanitizeUrl}} : APIRequestContext.get: Invalid URL
2025-05-11 11:17:16,036 - __main__ - WARNING - Erro ao baixar https://www.copart.co.uk{{languageHrefPath | sanitizeUrl}}: APIRequestContext.get: Invalid URL
2025-05-11 11:17:16,062 - __main__ - WARNING - Erro ao baixar https://www.copart.ie{{languageHrefPath | sanitizeUrl}}: APIRequestContext.get: Invalid URL
2025-05-11 11:17:16,077 - __main__ - WARNING - Erro ao baixar https://www.copartmea.com{{languageHrefPath | sanitizeUrl}}: APIRequestContext.get: Invalid URL
2025-05-11 11:17:16,092 - __main__ - WARNING - Erro ao baixar https://www.copartmea.com{{languageHrefPath | sanitizeUrl}}: APIRequestContext.get: Invalid URL
2025-05-11 11:17:16,109 - __main__ - WARNING - Erro ao baixar https://www.copartmea.com{{languageHrefPath | sanitizeUrl}}: APIRequestContext.get: Invalid URL
2025-05-11 11:17:16,125 - __main__ - WARNING - Erro ao baixar https://www.copart.com{{languageHrefPath | sanitizeUrl}}: APIRequestContext.get: Invalid URL
2025-05-11 11:17:16,233 - __main__ - WARNING - Erro ao baixar https://www.copart.com.uk{{languageHrefPath | sanitizeUrl}}: APIRequestContext.get: Invalid URL
2025-05-11 11:17:20,188 - __main__ - WARNING - Erro ao processar asset: ElementHandle.get_attribute: Execution context was destroyed, most likely because of a navigation
Call log:
  - waiting for locator(":scope")

2025-05-11 11:17:20,742 - __main__ - WARNING - Erro ao processar asset: ElementHandle.get_attribute: Execution context was destroyed, most likely because of a navigation
Call log:
  - waiting for locator(":scope")

2025-05-11 11:17:20,764 - __main__ - WARNING - Erro ao processar asset: ElementHandle.get_attribute: Execution context was destroyed, most likely because of a navigation
Call log:
  - waiting for locator(":scope")

2025-05-11 11:17:20,777 - __main__ - WARNING - Erro ao processar asset: ElementHandle.get_attribute: Execution context was destroyed, most likely because of a navigation
Call log:
  - waiting for locator(":scope")

2025-05-11 11:17:20,789 - __main__ - WARNING - Erro ao processar asset: ElementHandle.get_attribute: Execution context was destroyed, most likely because of a navigation
Call log:
  - waiting for locator(":scope")

2025-05-11 11:17:20,803 - __main__ - WARNING - Erro ao processar asset: ElementHandle.get_attribute: Execution context was destroyed, most likely because of a navigation
Call log:
  - waiting for locator(":scope")

2025-05-11 11:17:20,831 - __main__ - WARNING - Erro ao processar asset: ElementHandle.get_attribute: Execution context was destroyed, most likely because of a navigation
Call log:
  - waiting for locator(":scope")

2025-05-11 11:17:20,852 - __main__ - WARNING - Erro ao processar asset: ElementHandle.get_attribute: Execution context was destroyed, most likely because of a navigation
Call log:
  - waiting for locator(":scope")

2025-05-11 11:17:20,869 - __main__ - WARNING - Erro ao processar asset: ElementHandle.get_attribute: Execution context was destroyed, most likely because of a navigation
Call log:
  - waiting for locator(":scope")

2025-05-11 11:17:20,882 - __main__ - WARNING - Erro ao processar asset: ElementHandle.get_attribute: Execution context was destroyed, most likely because of a navigation
Call log:
  - waiting for locator(":scope")

2025-05-11 11:17:20,902 - __main__ - WARNING - Erro ao processar asset: ElementHandle.get_attribute: Execution context was destroyed, most likely because of a navigation
Call log:
  - waiting for locator(":scope")

2025-05-11 11:17:20,920 - __main__ - WARNING - Erro ao processar asset: ElementHandle.get_attribute: Execution context was destroyed, most likely because of a navigation
Call log:
  - waiting for locator(":scope")

2025-05-11 11:17:20,935 - __main__ - WARNING - Erro ao processar asset: ElementHandle.get_attribute: Execution context was destroyed, most likely because of a navigation
Call log:
  - waiting for locator(":scope")

2025-05-11 11:17:20,948 - __main__ - WARNING - Erro ao processar asset: ElementHandle.get_attribute: Execution context was destroyed, most likely because of a navigation
Call log:
  - waiting for locator(":scope")

2025-05-11 11:17:20,955 - __main__ - WARNING - Erro ao processar asset: ElementHandle.get_attribute: Execution context was destroyed, most likely because of a navigation
Call log:
  - waiting for locator(":scope")

2025-05-11 11:17:20,970 - __main__ - WARNING - Erro ao processar asset: ElementHandle.get_attribute: Execution context was destroyed, most likely because of a navigation
Call log:
  - waiting for locator(":scope")

2025-05-11 11:17:20,989 - __main__ - WARNING - Erro ao processar asset: ElementHandle.get_attribute: Execution context was destroyed, most likely because of a navigation
Call log:
  - waiting for locator(":scope")

2025-05-11 11:17:21,013 - __main__ - WARNING - Erro ao processar asset: ElementHandle.get_attribute: Execution context was destroyed, most likely because of a navigation
Call log:
  - waiting for locator(":scope")

2025-05-11 11:17:21,054 - __main__ - WARNING - Erro ao processar asset: ElementHandle.get_attribute: Execution context was destroyed, most likely because of a navigation
Call log:
  - waiting for locator(":scope")

2025-05-11 11:17:21,070 - __main__ - WARNING - Erro ao processar asset: ElementHandle.get_attribute: Execution context was destroyed, most likely because of a navigation
Call log:
  - waiting for locator(":scope")

2025-05-11 11:17:21,083 - __main__ - WARNING - Erro ao processar asset: ElementHandle.get_attribute: Execution context was destroyed, most likely because of a navigation
Call log:
  - waiting for locator(":scope")

2025-05-11 11:17:21,102 - __main__ - WARNING - Erro ao processar asset: ElementHandle.get_attribute: Execution context was destroyed, most likely because of a navigation
Call log:
  - waiting for locator(":scope")

2025-05-11 11:17:21,121 - __main__ - WARNING - Erro ao processar asset: ElementHandle.get_attribute: Execution context was destroyed, most likely because of a navigation
Call log:
  - waiting for locator(":scope")

2025-05-11 11:17:21,138 - __main__ - WARNING - Erro ao processar asset: ElementHandle.get_attribute: Execution context was destroyed, most likely because of a navigation
Call log:
  - waiting for locator(":scope")

2025-05-11 11:17:21,153 - __main__ - WARNING - Erro ao processar asset: ElementHandle.get_attribute: Execution context was destroyed, most likely because of a navigation
Call log:
  - waiting for locator(":scope")

2025-05-11 11:17:21,169 - __main__ - WARNING - Erro ao processar asset: ElementHandle.get_attribute: Execution context was destroyed, most likely because of a navigation
Call log:
  - waiting for locator(":scope")

2025-05-11 11:17:21,187 - __main__ - WARNING - Erro ao processar asset: ElementHandle.get_attribute: Execution context was destroyed, most likely because of a navigation
Call log:
  - waiting for locator(":scope")

2025-05-11 11:17:21,206 - __main__ - WARNING - Erro ao processar asset: ElementHandle.get_attribute: Execution context was destroyed, most likely because of a navigation
Call log:
  - waiting for locator(":scope")

2025-05-11 11:17:21,218 - __main__ - WARNING - Erro ao processar asset: ElementHandle.get_attribute: Execution context was destroyed, most likely because of a navigation
Call log:
  - waiting for locator(":scope")

2025-05-11 11:17:21,233 - __main__ - WARNING - Erro ao processar asset: ElementHandle.get_attribute: Execution context was destroyed, most likely because of a navigation
Call log:
  - waiting for locator(":scope")

2025-05-11 11:17:21,247 - __main__ - WARNING - Erro ao processar asset: ElementHandle.get_attribute: Execution context was destroyed, most likely because of a navigation
Call log:
  - waiting for locator(":scope")

2025-05-11 11:17:21,266 - __main__ - WARNING - Erro ao processar asset: ElementHandle.get_attribute: Execution context was destroyed, most likely because of a navigation
Call log:
  - waiting for locator(":scope")

2025-05-11 11:17:21,276 - __main__ - WARNING - Erro ao processar asset: ElementHandle.get_attribute: Execution context was destroyed, most likely because of a navigation
Call log:
  - waiting for locator(":scope")

2025-05-11 11:17:27,037 - __main__ - INFO - Página salva: copart_clone/static\locations.html
2025-05-11 11:17:27,038 - __main__ - INFO - Raspando: https://www.copart.com.br/todaysAuction (profundidade 2)
2025-05-11 11:17:40,494 - __main__ - INFO - Página salva: copart_clone/static\todaysAuction.html
2025-05-11 11:17:40,496 - __main__ - INFO - Raspando: https://www.copart.com.br/locations?region=EUROPE (profundidade 2)
2025-05-11 11:18:23,732 - __main__ - INFO - Página salva: copart_clone/static\locations.html
2025-05-11 11:18:23,733 - __main__ - INFO - Raspando: https://www.copart.com.br/saleListResult/auctionId/9182?location=Osasco%20-%20SP&saleDate=1749906000000&liveAuction=false&from=&yardNum=1&auctioneer=Luiz%20Eduardo%20Gomes%20-%20Jucesp%20969 (profundidade 2)
2025-05-11 11:18:41,422 - __main__ - INFO - Página salva: copart_clone/static\saleListResult\auctionId\9182.html
2025-05-11 11:18:41,423 - __main__ - INFO - Raspando: https://www.copart.com.br/saleListResult/auctionId/9145?location=Osasco%20-%20SP&saleDate=1747411200000&liveAuction=false&from=&yardNum=1&auctioneer=Eduardo%20da%20Silva%20Pinto%20-%20Jucesp%20980 (profundidade 2)
2025-05-11 11:19:01,568 - __main__ - INFO - Página salva: copart_clone/static\saleListResult\auctionId\9145.html
2025-05-11 11:19:01,581 - __main__ - INFO - Raspando: https://www.copart.com.br/saleListResult/auctionId/9167?location=Leil%C3%A3o%20P%C3%A1tio%20Porto%20Seguro%20-%20SP&saleDate=1748350800000&liveAuction=false&from=&yardNum=3&auctioneer=Andr%C3%A9%20Cencin%20-%20Jucesp%201143 (profundidade 2)
2025-05-11 11:19:15,930 - __main__ - INFO - Página salva: copart_clone/static\saleListResult\auctionId\9167.html
2025-05-11 11:19:15,932 - __main__ - INFO - Raspando: https://www.copart.com.br/locations?region=SOUTH_AMERICA (profundidade 2)
2025-05-11 11:19:31,865 - __main__ - INFO - Página salva: copart_clone/static\locations.html
2025-05-11 11:19:31,870 - __main__ - INFO - Raspando: https://www.copart.com.br/pt-BR/ (profundidade 2)
2025-05-11 11:19:46,735 - __main__ - INFO - Página salva: copart_clone/static\pt-BR.html
2025-05-11 11:19:46,737 - __main__ - INFO - Raspando: https://www.copart.com.br/saleListResult/auctionId/9164?location=Vit%C3%B3ria%20de%20Santo%20Ant%C3%A3o%20-%20PE&saleDate=1748019600000&liveAuction=false&from=&yardNum=92&auctioneer=Pedro%20Dantas%20Venceslau%20-%20Jucepe%2033/2014 (profundidade 2)
2025-05-11 11:20:01,007 - __main__ - INFO - Página salva: copart_clone/static\saleListResult\auctionId\9164.html
2025-05-11 11:20:01,009 - __main__ - INFO - Raspando: https://www.copart.com.br/content/br/pt-br/contact-us?intcmp=web_footer_contactus_pt (profundidade 2)
2025-05-11 11:20:15,845 - __main__ - INFO - Página salva: copart_clone/static\content\br\pt-br\contact-us.html
2025-05-11 11:20:15,846 - __main__ - INFO - Raspando: https://www.copart.com.br/overview?intcmp=web_footer_howtobuyoverview_pt (profundidade 2)
2025-05-11 11:20:29,252 - __main__ - INFO - Página salva: copart_clone/static\overview.html
2025-05-11 11:20:29,255 - __main__ - INFO - Raspando: https://www.copart.com.br/content/br/en/buy-it-now (profundidade 2)
2025-05-11 11:20:47,616 - __main__ - INFO - Página salva: copart_clone/static\content\br\en\buy-it-now.html
2025-05-11 11:20:47,620 - __main__ - INFO - Raspando: https://www.copart.com.br/saleListResult/auctionId/9170?location=Goi%C3%A2nia%20-%20GO&saleDate=1748437200000&liveAuction=false&from=&yardNum=56&auctioneer=Claudio%20Moreira%20Santos%20-%20Juceg%20071/19 (profundidade 2)
2025-05-11 11:21:05,989 - __main__ - INFO - Página salva: copart_clone/static\saleListResult\auctionId\9170.html
2025-05-11 11:21:05,991 - __main__ - INFO - Raspando: https://www.copart.com.br/saleListResult/auctionId/9161?location=Osasco%20-%20SP&saleDate=1747949400000&liveAuction=false&from=&yardNum=1&auctioneer=Andr%C3%A9%20Cencin%20-%20Jucesp%201143 (profundidade 2)
2025-05-11 11:21:22,012 - __main__ - INFO - Página salva: copart_clone/static\saleListResult\auctionId\9161.html
2025-05-11 11:21:22,014 - __main__ - INFO - Raspando: https://www.copart.com.br/saleListResult/auctionId/9158?location=Itaquaquecetuba%20-%20SP&saleDate=1747933200000&liveAuction=false&from=&yardNum=46&auctioneer=Jose%20Carlos%20Chagas%20-%20Jucesp%20940 (profundidade 2)
2025-05-11 11:21:35,090 - __main__ - INFO - Página salva: copart_clone/static\saleListResult\auctionId\9158.html
2025-05-11 11:21:35,092 - __main__ - INFO - Raspando: https://www.copart.com.br/saleListResult/auctionId/9172?location=Osasco%20-%20SP&saleDate=1748467800000&liveAuction=false&from=&yardNum=1&auctioneer=Luiz%20Eduardo%20Gomes%20-%20Jucesp%20969 (profundidade 2)
2025-05-11 11:21:48,263 - __main__ - INFO - Página salva: copart_clone/static\saleListResult\auctionId\9172.html
2025-05-11 11:21:48,265 - __main__ - INFO - Raspando: https://www.copart.com.br/pt-BR/Content/br/pt-BR/Member-Protection-Pledge (profundidade 2)
2025-05-11 11:21:59,809 - __main__ - INFO - Página salva: copart_clone/static\pt-BR\Content\br\pt-BR\Member-Protection-Pledge.html
2025-05-11 11:21:59,811 - __main__ - INFO - Raspando: https://www.copart.com.br/saleListResult/auctionId/9163?location=Betim%20-%20MG&saleDate=1748012400000&liveAuction=false&from=&yardNum=48&auctioneer=Raphael%20E%20de%20Faria%20-%20Jucemg%20991 (profundidade 2)
2025-05-11 11:22:12,109 - __main__ - INFO - Página salva: copart_clone/static\saleListResult\auctionId\9163.html
2025-05-11 11:22:12,110 - __main__ - INFO - Raspando: https://www.copart.com.br/#forgotuserid (profundidade 2)
2025-05-11 11:22:22,587 - __main__ - INFO - Página salva: copart_clone/static\index.html
2025-05-11 11:22:22,589 - __main__ - INFO - Raspando: https://www.copart.com.br/saleListResult/auctionId/9147?location=Vit%C3%B3ria%20de%20Santo%20Ant%C3%A3o%20-%20PE&saleDate=1747414800000&liveAuction=false&from=&yardNum=92&auctioneer=Pedro%20Dantas%20Venceslau%20-%20Jucepe%2033/2014 (profundidade 2)
2025-05-11 11:22:34,225 - __main__ - INFO - Página salva: copart_clone/static\saleListResult\auctionId\9147.html
2025-05-11 11:22:34,226 - __main__ - INFO - Raspando: https://www.copart.com.br/saleListResult/auctionId/9160?location=Recife%20-%20PE&saleDate=1747933200000&liveAuction=false&from=&yardNum=55&auctioneer=Adriano%20Santos%20Venceslau%20da%20Silva%20-%20Jucepe%2032/99 (profundidade 2)
2025-05-11 11:22:47,800 - __main__ - INFO - Página salva: copart_clone/static\saleListResult\auctionId\9160.html
2025-05-11 11:22:47,803 - __main__ - INFO - Raspando: https://www.copart.com.br/content/br/pt-BR/cookie-policy (profundidade 2)
2025-05-11 11:23:00,544 - __main__ - INFO - Página salva: copart_clone/static\content\br\pt-BR\cookie-policy.html
2025-05-11 11:23:00,547 - __main__ - INFO - Raspando: https://www.copart.com.br/saleListResult/auctionId/9148?location=Itaquaquecetuba%20-%20SP&saleDate=1747659600000&liveAuction=false&from=&yardNum=46&auctioneer=Jose%20Carlos%20Chagas%20-%20Jucesp%20940 (profundidade 2)
2025-05-11 11:23:12,981 - __main__ - INFO - Página salva: copart_clone/static\saleListResult\auctionId\9148.html
2025-05-11 11:23:12,982 - __main__ - INFO - Raspando: https://www.copart.com.br/saleListResult/auctionId/9149?location=Osasco%20-%20SP&saleDate=1747674000000&liveAuction=false&from=&yardNum=1&auctioneer=Wendell%20F%C3%A9lix%20-%20Jucesp%20759 (profundidade 2)
2025-05-11 11:23:24,899 - __main__ - INFO - Página salva: copart_clone/static\saleListResult\auctionId\9149.html
2025-05-11 11:23:24,900 - __main__ - INFO - Raspando: https://www.copart.com.br/saleListResult/auctionId/9153?location=Goi%C3%A2nia%20-%20GO&saleDate=1747832400000&liveAuction=false&from=&yardNum=56&auctioneer=Claudio%20Moreira%20Santos%20-%20Juceg%20071/19 (profundidade 2)
2025-05-11 11:23:38,369 - __main__ - INFO - Página salva: copart_clone/static\saleListResult\auctionId\9153.html
2025-05-11 11:23:38,371 - __main__ - INFO - Raspando: https://www.copart.com.br/content/br/pt-br/terms-of-use (profundidade 2)
2025-05-11 11:23:49,028 - __main__ - INFO - Página salva: copart_clone/static\content\br\pt-br\terms-of-use.html
2025-05-11 11:23:49,030 - __main__ - INFO - Raspando: https://www.copart.com.br/saleListResult/auctionId/9133?location=Curitiba%20-%20PR&saleDate=1747143000000&liveAuction=false&from=&yardNum=53&auctioneer=Luiz%20Rafael%20L%20de%20Lima%20-%20Jucepar%2020/315-L (profundidade 2)
2025-05-11 11:24:07,181 - __main__ - INFO - Página salva: copart_clone/static\saleListResult\auctionId\9133.html
2025-05-11 11:24:07,183 - __main__ - INFO - Raspando: https://www.copart.com.br/savedsearch (profundidade 2)
2025-05-11 11:24:19,165 - __main__ - INFO - Página salva: copart_clone/static\savedsearch.html
2025-05-11 11:24:19,171 - __main__ - INFO - Raspando: https://www.copart.com.br/saleListResult/auctionId/9155?location=Osasco%20-%20SP&saleDate=1747863000000&liveAuction=false&from=&yardNum=1&auctioneer=Luiz%20Eduardo%20Gomes%20-%20Jucesp%20969 (profundidade 2)
2025-05-11 11:24:31,971 - __main__ - INFO - Página salva: copart_clone/static\saleListResult\auctionId\9155.html
2025-05-11 11:24:31,972 - __main__ - INFO - Raspando: https://www.copart.com.br/doRegistration (profundidade 2)
2025-05-11 11:24:45,045 - __main__ - INFO - Página salva: copart_clone/static\doRegistration.html
2025-05-11 11:24:45,047 - __main__ - INFO - Raspando: https://www.copart.com.br/content/br/pt-br/support/faq-topics/index?intcmp=web_footer_buying_pt (profundidade 2)
2025-05-11 11:24:59,483 - __main__ - INFO - Página salva: copart_clone/static\content\br\pt-br\support\faq-topics\index.html
2025-05-11 11:24:59,486 - __main__ - INFO - Scraping completo concluído com sucesso!
